#
# A fatal error has been detected by the Java Runtime Environment:
#
#  Internal Error (javaClasses.cpp:136), pid=7184, tid=6920
#  fatal error: Invalid layout of preloaded class
#
# JRE version:  (7.0_67-b01) (build )
# Java VM: Java HotSpot(TM) 64-Bit Server VM (24.65-b04 mixed mode windows-amd64 compressed oops)
# Failed to write core dump. Minidumps are not enabled by default on client versions of Windows
#
# If you would like to submit a bug report, please visit:
#   http://bugreport.sun.com/bugreport/crash.jsp
#

---------------  T H R E A D  ---------------

Current thread (0x0000000002d70800):  JavaThread "Unknown thread" [_thread_in_vm, id=6920, stack(0x0000000002b80000,0x0000000002c80000)]

Stack: [0x0000000002b80000,0x0000000002c80000]
[error occurred during error reporting (printing stack bounds), id 0xc0000005]


---------------  P R O C E S S  ---------------

Java Threads: ( => current thread )

Other Threads:

=>0x0000000002d70800 (exited) JavaThread "Unknown thread" [_thread_in_vm, id=6920, stack(0x0000000002b80000,0x0000000002c80000)]

VM state:not at safepoint (not fully initialized)

VM Mutex/Monitor currently owned by a thread: None

GC Heap History (0 events):
No events

Deoptimization events (0 events):
No events

Internal exceptions (0 events):
No events

Events (10 events):
Event: 0.014 loading class 0x0000000002db04f0 done
Event: 0.015 loading class 0x0000000002daff10 done
Event: 0.015 loading class 0x0000000002dafef0
Event: 0.015 loading class 0x0000000002db8080
Event: 0.015 loading class 0x0000000002db8080 done
Event: 0.015 loading class 0x0000000002db80b0
Event: 0.015 loading class 0x0000000002db80b0 done
Event: 0.015 loading class 0x0000000002db80e0
Event: 0.015 loading class 0x0000000002db80e0 done
Event: 0.015 loading class 0x0000000002dafef0 done


Dynamic libraries:
0x00007ff621c40000 - 0x00007ff621c73000 	C:\Program Files\Java\jre7\bin\javaw.exe
0x00007ffcb8110000 - 0x00007ffcb82b9000 	C:\Windows\SYSTEM32\ntdll.dll
0x00007ffcb59a0000 - 0x00007ffcb5ada000 	C:\Windows\system32\KERNEL32.DLL
0x00007ffcb56b0000 - 0x00007ffcb57bf000 	C:\Windows\system32\KERNELBASE.dll
0x00007ffcb66f0000 - 0x00007ffcb6795000 	C:\Windows\system32\ADVAPI32.dll
0x00007ffcb5b90000 - 0x00007ffcb5d01000 	C:\Windows\system32\USER32.dll
0x00007ffcb3000000 - 0x00007ffcb325a000 	C:\Windows\WinSxS\amd64_microsoft.windows.common-controls_6595b64144ccf1df_6.0.9600.16384_none_62475f7becb72503\COMCTL32.dll
0x00007ffcb5e10000 - 0x00007ffcb5eb7000 	C:\Windows\system32\msvcrt.dll
0x00007ffcb65f0000 - 0x00007ffcb6647000 	C:\Windows\SYSTEM32\sechost.dll
0x00007ffcb60c0000 - 0x00007ffcb61f6000 	C:\Windows\system32\RPCRT4.dll
0x00007ffcb6200000 - 0x00007ffcb6345000 	C:\Windows\system32\GDI32.dll
0x00007ffcb66b0000 - 0x00007ffcb66e4000 	C:\Windows\system32\IMM32.DLL
0x00007ffcb67a0000 - 0x00007ffcb68d9000 	C:\Windows\system32\MSCTF.dll
0x000000006c3b0000 - 0x000000006c482000 	C:\Program Files\Java\jre7\bin\msvcr100.dll
0x000000006bbd0000 - 0x000000006c3a2000 	C:\Program Files\Java\jre7\bin\server\jvm.dll
0x00007ffcad150000 - 0x00007ffcad159000 	C:\Windows\SYSTEM32\WSOCK32.dll
0x00007ffcaf340000 - 0x00007ffcaf35f000 	C:\Windows\SYSTEM32\WINMM.dll
0x00007ffcb7d00000 - 0x00007ffcb7d07000 	C:\Windows\system32\PSAPI.DLL
0x00007ffcb80b0000 - 0x00007ffcb8108000 	C:\Windows\system32\WS2_32.dll
0x00007ffcaeca0000 - 0x00007ffcaecca000 	C:\Windows\SYSTEM32\WINMMBASE.dll
0x00007ffcb7cf0000 - 0x00007ffcb7cf9000 	C:\Windows\system32\NSI.dll
0x00007ffcb5660000 - 0x00007ffcb56aa000 	C:\Windows\SYSTEM32\cfgmgr32.dll
0x00007ffcb4310000 - 0x00007ffcb4336000 	C:\Windows\SYSTEM32\DEVOBJ.dll
0x000000006bbc0000 - 0x000000006bbcf000 	C:\Program Files\Java\jre7\bin\verify.dll
0x000000006bb90000 - 0x000000006bbb8000 	C:\Program Files\Java\jre7\bin\java.dll
0x000000006bb70000 - 0x000000006bb85000 	C:\Program Files\Java\jre7\bin\zip.dll

VM Arguments:
jvm_args: -Dfile.encoding=GBK -Xbootclasspath:E:\programfile\sdk\platforms\android-21\android.jar 
java_command: com.zy.tasksystem.test.StringBufferTest
Launcher Type: SUN_STANDARD

Environment Variables:
JAVA_HOME=C:\Program Files\Java\jdk1.7.0_67
CLASSPATH=.;C:\Program Files\Java\jdk1.7.0_67/lib/dt.jar;C:\Program Files\Java\jdk1.7.0_67/lib/tools.jar
PATH=C:\Program Files (x86)\Common Files\NetSarang;C:\Windows\system32;C:\Windows;C:\Windows\System32\Wbem;C:\Windows\System32\WindowsPowerShell\v1.0\;C:\Program Files\Java\jdk1.7.0_67\bin;C:\Program Files\Java\jdk1.7.0_67\jre\bin;E:\programfile\sdk\platform-tools£»E:\programfile\tomcat-7.0.59\lib;E:\programfile\tomcat-7.0.59\bin;E:\programfile\sdk\platform-tools;E:\programfile\Mysql\bin;E:\programfile\svn\bin
USERNAME=zhaoyang
OS=Windows_NT
PROCESSOR_IDENTIFIER=Intel64 Family 6 Model 23 Stepping 10, GenuineIntel



---------------  S Y S T E M  ---------------

OS: Windows 8.1 , 64 bit Build 9600 

CPU:total 2 (2 cores per cpu, 1 threads per core) family 6 model 23 stepping 10, cmov, cx8, fxsr, mmx, sse, sse2, sse3, ssse3, sse4.1, tsc

Memory: 4k page, physical 4087832k(996628k free), swap 8282136k(2322916k free)

vm_info: Java HotSpot(TM) 64-Bit Server VM (24.65-b04) for windows-amd64 JRE (1.7.0_67-b01), built on Jul 25 2014 08:55:00 by "java_re" with unknown MS VC++:1600

time: Sat May 09 18:49:05 2015
elapsed time: 0 seconds

